git:(master) ✗ packer build hello-world.json
amazon-ebs: output will be in this color.

==> amazon-ebs: Prevalidating any provided VPC information
==> amazon-ebs: Prevalidating AMI Name: nodejs-2020-11-07T06-44-14Z
    amazon-ebs: Found Image ID: ami-0739f8cdb239fe9ae
==> amazon-ebs: Creating temporary keypair: packer_5fa6423e-4cc6-2464-52f6-8f3af70a7699
==> amazon-ebs: Creating temporary security group for this instance: packer_5fa64248-0845-fd79-7698-86e9fe0dce2f
==> amazon-ebs: Authorizing access to port 22 from [0.0.0.0/0] in the temporary security groups...
==> amazon-ebs: Launching a source AWS instance...
==> amazon-ebs: Adding tags to source instance
    amazon-ebs: Adding tag: "Name": "Packer Builder"
    amazon-ebs: Instance ID: i-020f1c983eebc282a
==> amazon-ebs: Waiting for instance (i-020f1c983eebc282a) to become ready...
==> amazon-ebs: Using ssh communicator to connect: 3.86.13.140
==> amazon-ebs: Waiting for SSH to become available...
==> amazon-ebs: Connected to SSH!
==> amazon-ebs: Provisioning with shell script: /var/folders/hm/v3szf68j0z13vfd3yhdwp6582lcg7x/T/packer-shell559243328
    amazon-ebs: Sleeping for 30 seconds to give Ubuntu enough time to initialize (otherwise, packages may fail to install).
==> amazon-ebs: Uploading /packer/../nodejs-hello-world => /home/ubuntu
==> amazon-ebs: Provisioning with shell script: /packer/install-docker.sh
    amazon-ebs: Hit:1 http://us-east-1.ec2.archive.ubuntu.com/ubuntu xenial InRelease
    amazon-ebs: Get:2 http://us-east-1.ec2.archive.ubuntu.com/ubuntu xenial-updates InRelease [109 kB]
    amazon-ebs: Get:3 http://us-east-1.ec2.archive.ubuntu.com/ubuntu xenial-backports InRelease [107 kB]
    amazon-ebs: Get:4 http://security.ubuntu.com/ubuntu xenial-security InRelease [109 kB]
    amazon-ebs: Get:5 http://us-east-1.ec2.archive.ubuntu.com/ubuntu xenial/universe amd64 Packages [7,532 kB]
    amazon-ebs: Get:6 http://us-east-1.ec2.archive.ubuntu.com/ubuntu xenial/universe Translation-en [4,354 kB]
    amazon-ebs: Get:7 http://us-east-1.ec2.archive.ubuntu.com/ubuntu xenial/multiverse amd64 Packages [144 kB]
    amazon-ebs: Get:8 http://us-east-1.ec2.archive.ubuntu.com/ubuntu xenial/multiverse Translation-en [106 kB]
    amazon-ebs: Get:9 http://us-east-1.ec2.archive.ubuntu.com/ubuntu xenial-updates/main amd64 Packages [1,880 kB]
    amazon-ebs: Get:10 http://us-east-1.ec2.archive.ubuntu.com/ubuntu xenial-updates/main Translation-en [454 kB]
    amazon-ebs: Get:11 http://us-east-1.ec2.archive.ubuntu.com/ubuntu xenial-updates/universe amd64 Packages [1,195 kB]
    amazon-ebs: Get:12 http://us-east-1.ec2.archive.ubuntu.com/ubuntu xenial-updates/universe Translation-en [349 kB]
    amazon-ebs: Get:13 http://us-east-1.ec2.archive.ubuntu.com/ubuntu xenial-updates/multiverse amd64 Packages [23.0 kB]
    amazon-ebs: Get:14 http://us-east-1.ec2.archive.ubuntu.com/ubuntu xenial-updates/multiverse Translation-en [8,632 B]
    amazon-ebs: Get:15 http://us-east-1.ec2.archive.ubuntu.com/ubuntu xenial-backports/main amd64 Packages [9,812 B]
    amazon-ebs: Get:16 http://us-east-1.ec2.archive.ubuntu.com/ubuntu xenial-backports/main Translation-en [4,456 B]
    amazon-ebs: Get:17 http://us-east-1.ec2.archive.ubuntu.com/ubuntu xenial-backports/universe amd64 Packages [11.3 kB]
    amazon-ebs: Get:18 http://us-east-1.ec2.archive.ubuntu.com/ubuntu xenial-backports/universe Translation-en [4,476 B]
    amazon-ebs: Get:19 http://security.ubuntu.com/ubuntu xenial-security/main amd64 Packages [1,477 kB]
    amazon-ebs: Get:20 http://security.ubuntu.com/ubuntu xenial-security/main Translation-en [351 kB]
    amazon-ebs: Get:21 http://security.ubuntu.com/ubuntu xenial-security/universe amd64 Packages [774 kB]
    amazon-ebs: Get:22 http://security.ubuntu.com/ubuntu xenial-security/universe Translation-en [219 kB]
    amazon-ebs: Get:23 http://security.ubuntu.com/ubuntu xenial-security/multiverse amd64 Packages [8,236 B]
    amazon-ebs: Get:24 http://security.ubuntu.com/ubuntu xenial-security/multiverse Translation-en [2,888 B]
    amazon-ebs: Fetched 19.2 MB in 3s (5,137 kB/s)
    amazon-ebs: Reading package lists...
    amazon-ebs: Reading package lists...
    amazon-ebs: Building dependency tree...
    amazon-ebs: Reading state information...
    amazon-ebs: apt-transport-https is already the newest version (1.2.32ubuntu0.1).
    amazon-ebs: curl is already the newest version (7.47.0-1ubuntu2.16).
    amazon-ebs: software-properties-common is already the newest version (0.96.20.10).
    amazon-ebs: The following packages will be upgraded:
    amazon-ebs:   ca-certificates
    amazon-ebs: 1 upgraded, 0 newly installed, 0 to remove and 26 not upgraded.
    amazon-ebs: Need to get 155 kB of archives.
    amazon-ebs: After this operation, 16.4 kB of additional disk space will be used.
    amazon-ebs: Get:1 http://us-east-1.ec2.archive.ubuntu.com/ubuntu xenial-updates/main amd64 ca-certificates all 20201027ubuntu0.16.04.1 [155 kB]
==> amazon-ebs: debconf: unable to initialize frontend: Dialog
==> amazon-ebs: debconf: (Dialog frontend will not work on a dumb terminal, an emacs shell buffer, or without a controlling terminal.)
==> amazon-ebs: debconf: falling back to frontend: Readline
==> amazon-ebs: debconf: unable to initialize frontend: Readline
==> amazon-ebs: debconf: (This frontend requires a controlling tty.)
==> amazon-ebs: debconf: falling back to frontend: Teletype
==> amazon-ebs: dpkg-preconfigure: unable to re-open stdin:
    amazon-ebs: Fetched 155 kB in 0s (14.9 MB/s)
    amazon-ebs: (Reading database ... 51456 files and directories currently installed.)
    amazon-ebs: Preparing to unpack .../ca-certificates_20201027ubuntu0.16.04.1_all.deb ...
    amazon-ebs: Unpacking ca-certificates (20201027ubuntu0.16.04.1) over (20190110~16.04.1) ...
    amazon-ebs: Processing triggers for man-db (2.7.5-1) ...
    amazon-ebs: Setting up ca-certificates (20201027ubuntu0.16.04.1) ...
    amazon-ebs: debconf: unable to initialize frontend: Dialog
    amazon-ebs: debconf: (Dialog frontend will not work on a dumb terminal, an emacs shell buffer, or without a controlling terminal.)
    amazon-ebs: debconf: falling back to frontend: Readline
    amazon-ebs: Processing triggers for ca-certificates (20201027ubuntu0.16.04.1) ...
    amazon-ebs: Updating certificates in /etc/ssl/certs...
    amazon-ebs: 20 added, 9 removed; done.
    amazon-ebs: Running hooks in /etc/ca-certificates/update.d...
    amazon-ebs: done.
    amazon-ebs: OK
    amazon-ebs: Hit:1 http://us-east-1.ec2.archive.ubuntu.com/ubuntu xenial InRelease
    amazon-ebs: Hit:2 http://us-east-1.ec2.archive.ubuntu.com/ubuntu xenial-updates InRelease
    amazon-ebs: Hit:3 http://us-east-1.ec2.archive.ubuntu.com/ubuntu xenial-backports InRelease
    amazon-ebs: Hit:4 http://security.ubuntu.com/ubuntu xenial-security InRelease
    amazon-ebs: Get:5 https://download.docker.com/linux/ubuntu xenial InRelease [66.2 kB]
    amazon-ebs: Get:6 https://download.docker.com/linux/ubuntu xenial/stable amd64 Packages [15.0 kB]
    amazon-ebs: Fetched 81.2 kB in 0s (208 kB/s)
    amazon-ebs: Reading package lists...
    amazon-ebs: Reading package lists...
    amazon-ebs: Building dependency tree...
    amazon-ebs: Reading state information...
    amazon-ebs: The following additional packages will be installed:
    amazon-ebs:   aufs-tools cgroupfs-mount containerd.io docker-ce-cli libltdl7 pigz
    amazon-ebs: Suggested packages:
    amazon-ebs:   mountall
    amazon-ebs: The following NEW packages will be installed:
    amazon-ebs:   aufs-tools cgroupfs-mount containerd.io docker-ce docker-ce-cli libltdl7
    amazon-ebs:   pigz
    amazon-ebs: 0 upgraded, 7 newly installed, 0 to remove and 26 not upgraded.
    amazon-ebs: Need to get 91.2 MB of archives.
    amazon-ebs: After this operation, 410 MB of additional disk space will be used.
    amazon-ebs: Get:1 http://us-east-1.ec2.archive.ubuntu.com/ubuntu xenial/universe amd64 pigz amd64 2.3.1-2 [61.1 kB]
    amazon-ebs: Get:2 http://us-east-1.ec2.archive.ubuntu.com/ubuntu xenial/universe amd64 aufs-tools amd64 1:3.2+20130722-1.1ubuntu1 [92.9 kB]
    amazon-ebs: Get:3 http://us-east-1.ec2.archive.ubuntu.com/ubuntu xenial/universe amd64 cgroupfs-mount all 1.2 [4,970 B]
    amazon-ebs: Get:4 http://us-east-1.ec2.archive.ubuntu.com/ubuntu xenial/main amd64 libltdl7 amd64 2.4.6-0.1 [38.3 kB]
    amazon-ebs: Get:5 https://download.docker.com/linux/ubuntu xenial/stable amd64 containerd.io amd64 1.3.7-1 [24.3 MB]
    amazon-ebs: Get:6 https://download.docker.com/linux/ubuntu xenial/stable amd64 docker-ce-cli amd64 5:19.03.13~3-0~ubuntu-xenial [44.2 MB]
    amazon-ebs: Get:7 https://download.docker.com/linux/ubuntu xenial/stable amd64 docker-ce amd64 5:19.03.13~3-0~ubuntu-xenial [22.5 MB]
    amazon-ebs: Fetched 91.2 MB in 2s (40.2 MB/s)
==> amazon-ebs: debconf: unable to initialize frontend: Dialog
    amazon-ebs: Selecting previously unselected package pigz.
    amazon-ebs: (Reading database ... 51467 files and directories currently installed.)
    amazon-ebs: Preparing to unpack .../pigz_2.3.1-2_amd64.deb ...
==> amazon-ebs: debconf: (Dialog frontend will not work on a dumb terminal, an emacs shell buffer, or without a controlling terminal.)
    amazon-ebs: Unpacking pigz (2.3.1-2) ...
==> amazon-ebs: debconf: falling back to frontend: Readline
==> amazon-ebs: debconf: unable to initialize frontend: Readline
    amazon-ebs: Selecting previously unselected package aufs-tools.
    amazon-ebs: Preparing to unpack .../aufs-tools_1%3a3.2+20130722-1.1ubuntu1_amd64.deb ...
    amazon-ebs: Unpacking aufs-tools (1:3.2+20130722-1.1ubuntu1) ...
    amazon-ebs: Selecting previously unselected package cgroupfs-mount.
    amazon-ebs: Preparing to unpack .../cgroupfs-mount_1.2_all.deb ...
==> amazon-ebs: debconf: (This frontend requires a controlling tty.)
    amazon-ebs: Unpacking cgroupfs-mount (1.2) ...
    amazon-ebs: Selecting previously unselected package containerd.io.
    amazon-ebs: Preparing to unpack .../containerd.io_1.3.7-1_amd64.deb ...
    amazon-ebs: Unpacking containerd.io (1.3.7-1) ...
==> amazon-ebs: debconf: falling back to frontend: Teletype
==> amazon-ebs: dpkg-preconfigure: unable to re-open stdin:
    amazon-ebs: Selecting previously unselected package docker-ce-cli.
    amazon-ebs: Preparing to unpack .../docker-ce-cli_5%3a19.03.13~3-0~ubuntu-xenial_amd64.deb ...
    amazon-ebs: Unpacking docker-ce-cli (5:19.03.13~3-0~ubuntu-xenial) ...
    amazon-ebs: Selecting previously unselected package docker-ce.
    amazon-ebs: Preparing to unpack .../docker-ce_5%3a19.03.13~3-0~ubuntu-xenial_amd64.deb ...
    amazon-ebs: Unpacking docker-ce (5:19.03.13~3-0~ubuntu-xenial) ...
    amazon-ebs: Selecting previously unselected package libltdl7:amd64.
    amazon-ebs: Preparing to unpack .../libltdl7_2.4.6-0.1_amd64.deb ...
    amazon-ebs: Unpacking libltdl7:amd64 (2.4.6-0.1) ...
    amazon-ebs: Processing triggers for man-db (2.7.5-1) ...
    amazon-ebs: Processing triggers for libc-bin (2.23-0ubuntu11.2) ...
    amazon-ebs: Processing triggers for ureadahead (0.100.0-19.1) ...
    amazon-ebs: Processing triggers for systemd (229-4ubuntu21.29) ...
    amazon-ebs: Setting up pigz (2.3.1-2) ...
    amazon-ebs: Setting up aufs-tools (1:3.2+20130722-1.1ubuntu1) ...
    amazon-ebs: Setting up cgroupfs-mount (1.2) ...
    amazon-ebs: Setting up containerd.io (1.3.7-1) ...
    amazon-ebs: Setting up docker-ce-cli (5:19.03.13~3-0~ubuntu-xenial) ...
    amazon-ebs: Setting up docker-ce (5:19.03.13~3-0~ubuntu-xenial) ...
    amazon-ebs: Setting up libltdl7:amd64 (2.4.6-0.1) ...
    amazon-ebs: Processing triggers for libc-bin (2.23-0ubuntu11.2) ...
    amazon-ebs: Processing triggers for ureadahead (0.100.0-19.1) ...
    amazon-ebs: Processing triggers for systemd (229-4ubuntu21.29) ...
    amazon-ebs: Sending build context to Docker daemon  3.584kB
    amazon-ebs: Step 1/10 : FROM ubuntu:latest
    amazon-ebs: latest: Pulling from library/ubuntu
    amazon-ebs: 6a5697faee43: Pulling fs layer
    amazon-ebs: ba13d3bc422b: Pulling fs layer
    amazon-ebs: a254829d9e55: Pulling fs layer
    amazon-ebs: a254829d9e55: Verifying Checksum
    amazon-ebs: a254829d9e55: Download complete
    amazon-ebs: ba13d3bc422b: Verifying Checksum
    amazon-ebs: ba13d3bc422b: Download complete
    amazon-ebs: 6a5697faee43: Verifying Checksum
    amazon-ebs: 6a5697faee43: Download complete
    amazon-ebs: 6a5697faee43: Pull complete
    amazon-ebs: ba13d3bc422b: Pull complete
    amazon-ebs: a254829d9e55: Pull complete
    amazon-ebs: Digest: sha256:fff16eea1a8ae92867721d90c59a75652ea66d29c05294e6e2f898704bdb8cf1
    amazon-ebs: Status: Downloaded newer image for ubuntu:latest
    amazon-ebs:  ---> d70eaf7277ea
    amazon-ebs: Step 2/10 : ENV DEBIAN_FRONTEND=noninteractive
    amazon-ebs:  ---> Running in da8424ab40bf
    amazon-ebs: Removing intermediate container da8424ab40bf
    amazon-ebs:  ---> 40cdda636be3
    amazon-ebs: Step 3/10 : RUN apt-get update &&     apt-get install -o Acquire::ForceIPv4=true -y curl
    amazon-ebs:  ---> Running in 0f18de58f0fe
    amazon-ebs: Get:1 http://security.ubuntu.com/ubuntu focal-security InRelease [107 kB]
    amazon-ebs: Get:2 http://archive.ubuntu.com/ubuntu focal InRelease [265 kB]
    amazon-ebs: Get:3 http://security.ubuntu.com/ubuntu focal-security/main amd64 Packages [442 kB]
    amazon-ebs: Get:4 http://archive.ubuntu.com/ubuntu focal-updates InRelease [111 kB]
    amazon-ebs: Get:5 http://archive.ubuntu.com/ubuntu focal-backports InRelease [98.3 kB]
    amazon-ebs: Get:6 http://archive.ubuntu.com/ubuntu focal/main amd64 Packages [1275 kB]
    amazon-ebs: Get:7 http://security.ubuntu.com/ubuntu focal-security/restricted amd64 Packages [85.3 kB]
    amazon-ebs: Get:8 http://security.ubuntu.com/ubuntu focal-security/universe amd64 Packages [639 kB]
    amazon-ebs: Get:9 http://security.ubuntu.com/ubuntu focal-security/multiverse amd64 Packages [1170 B]
    amazon-ebs: Get:10 http://archive.ubuntu.com/ubuntu focal/universe amd64 Packages [11.3 MB]
    amazon-ebs: Get:11 http://archive.ubuntu.com/ubuntu focal/restricted amd64 Packages [33.4 kB]
    amazon-ebs: Get:12 http://archive.ubuntu.com/ubuntu focal/multiverse amd64 Packages [177 kB]
    amazon-ebs: Get:13 http://archive.ubuntu.com/ubuntu focal-updates/main amd64 Packages [810 kB]
    amazon-ebs: Get:14 http://archive.ubuntu.com/ubuntu focal-updates/restricted amd64 Packages [107 kB]
    amazon-ebs: Get:15 http://archive.ubuntu.com/ubuntu focal-updates/universe amd64 Packages [857 kB]
    amazon-ebs: Get:16 http://archive.ubuntu.com/ubuntu focal-updates/multiverse amd64 Packages [22.2 kB]
    amazon-ebs: Get:17 http://archive.ubuntu.com/ubuntu focal-backports/universe amd64 Packages [4277 B]
    amazon-ebs: Fetched 16.4 MB in 2s (6846 kB/s)
    amazon-ebs: Reading package lists...
    amazon-ebs: Reading package lists...
    amazon-ebs: Building dependency tree...
    amazon-ebs: Reading state information...
    amazon-ebs: The following additional packages will be installed:
    amazon-ebs:   ca-certificates krb5-locales libasn1-8-heimdal libbrotli1 libcurl4
    amazon-ebs:   libgssapi-krb5-2 libgssapi3-heimdal libhcrypto4-heimdal libheimbase1-heimdal
    amazon-ebs:   libheimntlm0-heimdal libhx509-5-heimdal libk5crypto3 libkeyutils1
    amazon-ebs:   libkrb5-26-heimdal libkrb5-3 libkrb5support0 libldap-2.4-2 libldap-common
    amazon-ebs:   libnghttp2-14 libpsl5 libroken18-heimdal librtmp1 libsasl2-2
    amazon-ebs:   libsasl2-modules libsasl2-modules-db libsqlite3-0 libssh-4 libssl1.1
    amazon-ebs:   libwind0-heimdal openssl publicsuffix
    amazon-ebs: Suggested packages:
    amazon-ebs:   krb5-doc krb5-user libsasl2-modules-gssapi-mit
    amazon-ebs:   | libsasl2-modules-gssapi-heimdal libsasl2-modules-ldap libsasl2-modules-otp
    amazon-ebs:   libsasl2-modules-sql
    amazon-ebs: The following NEW packages will be installed:
    amazon-ebs:   ca-certificates curl krb5-locales libasn1-8-heimdal libbrotli1 libcurl4
    amazon-ebs:   libgssapi-krb5-2 libgssapi3-heimdal libhcrypto4-heimdal libheimbase1-heimdal
    amazon-ebs:   libheimntlm0-heimdal libhx509-5-heimdal libk5crypto3 libkeyutils1
    amazon-ebs:   libkrb5-26-heimdal libkrb5-3 libkrb5support0 libldap-2.4-2 libldap-common
    amazon-ebs:   libnghttp2-14 libpsl5 libroken18-heimdal librtmp1 libsasl2-2
    amazon-ebs:   libsasl2-modules libsasl2-modules-db libsqlite3-0 libssh-4 libssl1.1
    amazon-ebs:   libwind0-heimdal openssl publicsuffix
    amazon-ebs: 0 upgraded, 32 newly installed, 0 to remove and 4 not upgraded.
    amazon-ebs: Need to get 5450 kB of archives.
    amazon-ebs: After this operation, 16.7 MB of additional disk space will be used.
    amazon-ebs: Get:1 http://archive.ubuntu.com/ubuntu focal/main amd64 libssl1.1 amd64 1.1.1f-1ubuntu2 [1318 kB]
    amazon-ebs: Get:2 http://archive.ubuntu.com/ubuntu focal/main amd64 openssl amd64 1.1.1f-1ubuntu2 [621 kB]
    amazon-ebs: Get:3 http://archive.ubuntu.com/ubuntu focal-updates/main amd64 ca-certificates all 20201027ubuntu0.20.04.1 [153 kB]
    amazon-ebs: Get:4 http://archive.ubuntu.com/ubuntu focal-updates/main amd64 libsqlite3-0 amd64 3.31.1-4ubuntu0.2 [549 kB]
    amazon-ebs: Get:5 http://archive.ubuntu.com/ubuntu focal/main amd64 krb5-locales all 1.17-6ubuntu4 [11.4 kB]
    amazon-ebs: Get:6 http://archive.ubuntu.com/ubuntu focal/main amd64 libkrb5support0 amd64 1.17-6ubuntu4 [30.9 kB]
    amazon-ebs: Get:7 http://archive.ubuntu.com/ubuntu focal/main amd64 libk5crypto3 amd64 1.17-6ubuntu4 [80.2 kB]
    amazon-ebs: Get:8 http://archive.ubuntu.com/ubuntu focal/main amd64 libkeyutils1 amd64 1.6-6ubuntu1 [10.2 kB]
    amazon-ebs: Get:9 http://archive.ubuntu.com/ubuntu focal/main amd64 libkrb5-3 amd64 1.17-6ubuntu4 [330 kB]
    amazon-ebs: Get:10 http://archive.ubuntu.com/ubuntu focal/main amd64 libgssapi-krb5-2 amd64 1.17-6ubuntu4 [121 kB]
    amazon-ebs: Get:11 http://archive.ubuntu.com/ubuntu focal/main amd64 libpsl5 amd64 0.21.0-1ubuntu1 [51.5 kB]
    amazon-ebs: Get:12 http://archive.ubuntu.com/ubuntu focal/main amd64 publicsuffix all 20200303.0012-1 [111 kB]
    amazon-ebs: Get:13 http://archive.ubuntu.com/ubuntu focal-updates/main amd64 libbrotli1 amd64 1.0.7-6ubuntu0.1 [267 kB]
    amazon-ebs: Get:14 http://archive.ubuntu.com/ubuntu focal/main amd64 libroken18-heimdal amd64 7.7.0+dfsg-1ubuntu1 [41.8 kB]
    amazon-ebs: Get:15 http://archive.ubuntu.com/ubuntu focal/main amd64 libasn1-8-heimdal amd64 7.7.0+dfsg-1ubuntu1 [181 kB]
    amazon-ebs: Get:16 http://archive.ubuntu.com/ubuntu focal/main amd64 libheimbase1-heimdal amd64 7.7.0+dfsg-1ubuntu1 [29.7 kB]
    amazon-ebs: Get:17 http://archive.ubuntu.com/ubuntu focal/main amd64 libhcrypto4-heimdal amd64 7.7.0+dfsg-1ubuntu1 [87.9 kB]
    amazon-ebs: Get:18 http://archive.ubuntu.com/ubuntu focal/main amd64 libwind0-heimdal amd64 7.7.0+dfsg-1ubuntu1 [48.0 kB]
    amazon-ebs: Get:19 http://archive.ubuntu.com/ubuntu focal/main amd64 libhx509-5-heimdal amd64 7.7.0+dfsg-1ubuntu1 [107 kB]
    amazon-ebs: Get:20 http://archive.ubuntu.com/ubuntu focal/main amd64 libkrb5-26-heimdal amd64 7.7.0+dfsg-1ubuntu1 [208 kB]
    amazon-ebs: Get:21 http://archive.ubuntu.com/ubuntu focal/main amd64 libheimntlm0-heimdal amd64 7.7.0+dfsg-1ubuntu1 [15.1 kB]
    amazon-ebs: Get:22 http://archive.ubuntu.com/ubuntu focal/main amd64 libgssapi3-heimdal amd64 7.7.0+dfsg-1ubuntu1 [96.1 kB]
    amazon-ebs: Get:23 http://archive.ubuntu.com/ubuntu focal/main amd64 libsasl2-modules-db amd64 2.1.27+dfsg-2 [14.9 kB]
    amazon-ebs: Get:24 http://archive.ubuntu.com/ubuntu focal/main amd64 libsasl2-2 amd64 2.1.27+dfsg-2 [49.3 kB]
    amazon-ebs: Get:25 http://archive.ubuntu.com/ubuntu focal-updates/main amd64 libldap-common all 2.4.49+dfsg-2ubuntu1.3 [17.0 kB]
    amazon-ebs: Get:26 http://archive.ubuntu.com/ubuntu focal-updates/main amd64 libldap-2.4-2 amd64 2.4.49+dfsg-2ubuntu1.3 [155 kB]
    amazon-ebs: Get:27 http://archive.ubuntu.com/ubuntu focal/main amd64 libnghttp2-14 amd64 1.40.0-1build1 [78.7 kB]
    amazon-ebs: Get:28 http://archive.ubuntu.com/ubuntu focal/main amd64 librtmp1 amd64 2.4+20151223.gitfa8646d.1-2build1 [54.9 kB]
    amazon-ebs: Get:29 http://archive.ubuntu.com/ubuntu focal-updates/main amd64 libssh-4 amd64 0.9.3-2ubuntu2.1 [170 kB]
    amazon-ebs: Get:30 http://archive.ubuntu.com/ubuntu focal-updates/main amd64 libcurl4 amd64 7.68.0-1ubuntu2.2 [233 kB]
    amazon-ebs: Get:31 http://archive.ubuntu.com/ubuntu focal-updates/main amd64 curl amd64 7.68.0-1ubuntu2.2 [161 kB]
    amazon-ebs: Get:32 http://archive.ubuntu.com/ubuntu focal/main amd64 libsasl2-modules amd64 2.1.27+dfsg-2 [49.1 kB]
    amazon-ebs: debconf: delaying package configuration, since apt-utils is not installed
    amazon-ebs: Fetched 5450 kB in 1s (4784 kB/s)
    amazon-ebs: Selecting previously unselected package libssl1.1:amd64.
    amazon-ebs: (Reading database ... 4121 files and directories currently installed.)
    amazon-ebs: Preparing to unpack .../00-libssl1.1_1.1.1f-1ubuntu2_amd64.deb ...
    amazon-ebs: Unpacking libssl1.1:amd64 (1.1.1f-1ubuntu2) ...
    amazon-ebs: Selecting previously unselected package openssl.
    amazon-ebs: Preparing to unpack .../01-openssl_1.1.1f-1ubuntu2_amd64.deb ...
    amazon-ebs: Unpacking openssl (1.1.1f-1ubuntu2) ...
    amazon-ebs: Selecting previously unselected package ca-certificates.
    amazon-ebs: Preparing to unpack .../02-ca-certificates_20201027ubuntu0.20.04.1_all.deb ...
    amazon-ebs: Unpacking ca-certificates (20201027ubuntu0.20.04.1) ...
    amazon-ebs: Selecting previously unselected package libsqlite3-0:amd64.
    amazon-ebs: Preparing to unpack .../03-libsqlite3-0_3.31.1-4ubuntu0.2_amd64.deb ...
    amazon-ebs: Unpacking libsqlite3-0:amd64 (3.31.1-4ubuntu0.2) ...
    amazon-ebs: Selecting previously unselected package krb5-locales.
    amazon-ebs: Preparing to unpack .../04-krb5-locales_1.17-6ubuntu4_all.deb ...
    amazon-ebs: Unpacking krb5-locales (1.17-6ubuntu4) ...
    amazon-ebs: Selecting previously unselected package libkrb5support0:amd64.
    amazon-ebs: Preparing to unpack .../05-libkrb5support0_1.17-6ubuntu4_amd64.deb ...
    amazon-ebs: Unpacking libkrb5support0:amd64 (1.17-6ubuntu4) ...
    amazon-ebs: Selecting previously unselected package libk5crypto3:amd64.
    amazon-ebs: Preparing to unpack .../06-libk5crypto3_1.17-6ubuntu4_amd64.deb ...
    amazon-ebs: Unpacking libk5crypto3:amd64 (1.17-6ubuntu4) ...
    amazon-ebs: Selecting previously unselected package libkeyutils1:amd64.
    amazon-ebs: Preparing to unpack .../07-libkeyutils1_1.6-6ubuntu1_amd64.deb ...
    amazon-ebs: Unpacking libkeyutils1:amd64 (1.6-6ubuntu1) ...
    amazon-ebs: Selecting previously unselected package libkrb5-3:amd64.
    amazon-ebs: Preparing to unpack .../08-libkrb5-3_1.17-6ubuntu4_amd64.deb ...
    amazon-ebs: Unpacking libkrb5-3:amd64 (1.17-6ubuntu4) ...
    amazon-ebs: Selecting previously unselected package libgssapi-krb5-2:amd64.
    amazon-ebs: Preparing to unpack .../09-libgssapi-krb5-2_1.17-6ubuntu4_amd64.deb ...
    amazon-ebs: Unpacking libgssapi-krb5-2:amd64 (1.17-6ubuntu4) ...
    amazon-ebs: Selecting previously unselected package libpsl5:amd64.
    amazon-ebs: Preparing to unpack .../10-libpsl5_0.21.0-1ubuntu1_amd64.deb ...
    amazon-ebs: Unpacking libpsl5:amd64 (0.21.0-1ubuntu1) ...
    amazon-ebs: Selecting previously unselected package publicsuffix.
    amazon-ebs: Preparing to unpack .../11-publicsuffix_20200303.0012-1_all.deb ...
    amazon-ebs: Unpacking publicsuffix (20200303.0012-1) ...
    amazon-ebs: Selecting previously unselected package libbrotli1:amd64.
    amazon-ebs: Preparing to unpack .../12-libbrotli1_1.0.7-6ubuntu0.1_amd64.deb ...
    amazon-ebs: Unpacking libbrotli1:amd64 (1.0.7-6ubuntu0.1) ...
    amazon-ebs: Selecting previously unselected package libroken18-heimdal:amd64.
    amazon-ebs: Preparing to unpack .../13-libroken18-heimdal_7.7.0+dfsg-1ubuntu1_amd64.deb ...
    amazon-ebs: Unpacking libroken18-heimdal:amd64 (7.7.0+dfsg-1ubuntu1) ...
    amazon-ebs: Selecting previously unselected package libasn1-8-heimdal:amd64.
    amazon-ebs: Preparing to unpack .../14-libasn1-8-heimdal_7.7.0+dfsg-1ubuntu1_amd64.deb ...
    amazon-ebs: Unpacking libasn1-8-heimdal:amd64 (7.7.0+dfsg-1ubuntu1) ...
    amazon-ebs: Selecting previously unselected package libheimbase1-heimdal:amd64.
    amazon-ebs: Preparing to unpack .../15-libheimbase1-heimdal_7.7.0+dfsg-1ubuntu1_amd64.deb ...
    amazon-ebs: Unpacking libheimbase1-heimdal:amd64 (7.7.0+dfsg-1ubuntu1) ...
    amazon-ebs: Selecting previously unselected package libhcrypto4-heimdal:amd64.
    amazon-ebs: Preparing to unpack .../16-libhcrypto4-heimdal_7.7.0+dfsg-1ubuntu1_amd64.deb ...
    amazon-ebs: Unpacking libhcrypto4-heimdal:amd64 (7.7.0+dfsg-1ubuntu1) ...
    amazon-ebs: Selecting previously unselected package libwind0-heimdal:amd64.
    amazon-ebs: Preparing to unpack .../17-libwind0-heimdal_7.7.0+dfsg-1ubuntu1_amd64.deb ...
    amazon-ebs: Unpacking libwind0-heimdal:amd64 (7.7.0+dfsg-1ubuntu1) ...
    amazon-ebs: Selecting previously unselected package libhx509-5-heimdal:amd64.
    amazon-ebs: Preparing to unpack .../18-libhx509-5-heimdal_7.7.0+dfsg-1ubuntu1_amd64.deb ...
    amazon-ebs: Unpacking libhx509-5-heimdal:amd64 (7.7.0+dfsg-1ubuntu1) ...
    amazon-ebs: Selecting previously unselected package libkrb5-26-heimdal:amd64.
    amazon-ebs: Preparing to unpack .../19-libkrb5-26-heimdal_7.7.0+dfsg-1ubuntu1_amd64.deb ...
    amazon-ebs: Unpacking libkrb5-26-heimdal:amd64 (7.7.0+dfsg-1ubuntu1) ...
    amazon-ebs: Selecting previously unselected package libheimntlm0-heimdal:amd64.
    amazon-ebs: Preparing to unpack .../20-libheimntlm0-heimdal_7.7.0+dfsg-1ubuntu1_amd64.deb ...
    amazon-ebs: Unpacking libheimntlm0-heimdal:amd64 (7.7.0+dfsg-1ubuntu1) ...
    amazon-ebs: Selecting previously unselected package libgssapi3-heimdal:amd64.
    amazon-ebs: Preparing to unpack .../21-libgssapi3-heimdal_7.7.0+dfsg-1ubuntu1_amd64.deb ...
    amazon-ebs: Unpacking libgssapi3-heimdal:amd64 (7.7.0+dfsg-1ubuntu1) ...
    amazon-ebs: Selecting previously unselected package libsasl2-modules-db:amd64.
    amazon-ebs: Preparing to unpack .../22-libsasl2-modules-db_2.1.27+dfsg-2_amd64.deb ...
    amazon-ebs: Unpacking libsasl2-modules-db:amd64 (2.1.27+dfsg-2) ...
    amazon-ebs: Selecting previously unselected package libsasl2-2:amd64.
    amazon-ebs: Preparing to unpack .../23-libsasl2-2_2.1.27+dfsg-2_amd64.deb ...
    amazon-ebs: Unpacking libsasl2-2:amd64 (2.1.27+dfsg-2) ...
    amazon-ebs: Selecting previously unselected package libldap-common.
    amazon-ebs: Preparing to unpack .../24-libldap-common_2.4.49+dfsg-2ubuntu1.3_all.deb ...
    amazon-ebs: Unpacking libldap-common (2.4.49+dfsg-2ubuntu1.3) ...
    amazon-ebs: Selecting previously unselected package libldap-2.4-2:amd64.
    amazon-ebs: Preparing to unpack .../25-libldap-2.4-2_2.4.49+dfsg-2ubuntu1.3_amd64.deb ...
    amazon-ebs: Unpacking libldap-2.4-2:amd64 (2.4.49+dfsg-2ubuntu1.3) ...
    amazon-ebs: Selecting previously unselected package libnghttp2-14:amd64.
    amazon-ebs: Preparing to unpack .../26-libnghttp2-14_1.40.0-1build1_amd64.deb ...
    amazon-ebs: Unpacking libnghttp2-14:amd64 (1.40.0-1build1) ...
    amazon-ebs: Selecting previously unselected package librtmp1:amd64.
    amazon-ebs: Preparing to unpack .../27-librtmp1_2.4+20151223.gitfa8646d.1-2build1_amd64.deb ...
    amazon-ebs: Unpacking librtmp1:amd64 (2.4+20151223.gitfa8646d.1-2build1) ...
    amazon-ebs: Selecting previously unselected package libssh-4:amd64.
    amazon-ebs: Preparing to unpack .../28-libssh-4_0.9.3-2ubuntu2.1_amd64.deb ...
    amazon-ebs: Unpacking libssh-4:amd64 (0.9.3-2ubuntu2.1) ...
    amazon-ebs: Selecting previously unselected package libcurl4:amd64.
    amazon-ebs: Preparing to unpack .../29-libcurl4_7.68.0-1ubuntu2.2_amd64.deb ...
    amazon-ebs: Unpacking libcurl4:amd64 (7.68.0-1ubuntu2.2) ...
    amazon-ebs: Selecting previously unselected package curl.
    amazon-ebs: Preparing to unpack .../30-curl_7.68.0-1ubuntu2.2_amd64.deb ...
    amazon-ebs: Unpacking curl (7.68.0-1ubuntu2.2) ...
    amazon-ebs: Selecting previously unselected package libsasl2-modules:amd64.
    amazon-ebs: Preparing to unpack .../31-libsasl2-modules_2.1.27+dfsg-2_amd64.deb ...
    amazon-ebs: Unpacking libsasl2-modules:amd64 (2.1.27+dfsg-2) ...
    amazon-ebs: Setting up libkeyutils1:amd64 (1.6-6ubuntu1) ...
    amazon-ebs: Setting up libpsl5:amd64 (0.21.0-1ubuntu1) ...
    amazon-ebs: Setting up libssl1.1:amd64 (1.1.1f-1ubuntu2) ...
    amazon-ebs: Setting up libbrotli1:amd64 (1.0.7-6ubuntu0.1) ...
    amazon-ebs: Setting up libsqlite3-0:amd64 (3.31.1-4ubuntu0.2) ...
    amazon-ebs: Setting up libsasl2-modules:amd64 (2.1.27+dfsg-2) ...
    amazon-ebs: Setting up libnghttp2-14:amd64 (1.40.0-1build1) ...
    amazon-ebs: Setting up krb5-locales (1.17-6ubuntu4) ...
    amazon-ebs: Setting up libldap-common (2.4.49+dfsg-2ubuntu1.3) ...
    amazon-ebs: Setting up libkrb5support0:amd64 (1.17-6ubuntu4) ...
    amazon-ebs: Setting up libsasl2-modules-db:amd64 (2.1.27+dfsg-2) ...
    amazon-ebs: Setting up librtmp1:amd64 (2.4+20151223.gitfa8646d.1-2build1) ...
    amazon-ebs: Setting up libk5crypto3:amd64 (1.17-6ubuntu4) ...
    amazon-ebs: Setting up libsasl2-2:amd64 (2.1.27+dfsg-2) ...
    amazon-ebs: Setting up libroken18-heimdal:amd64 (7.7.0+dfsg-1ubuntu1) ...
    amazon-ebs: Setting up libkrb5-3:amd64 (1.17-6ubuntu4) ...
    amazon-ebs: Setting up openssl (1.1.1f-1ubuntu2) ...
    amazon-ebs: Setting up publicsuffix (20200303.0012-1) ...
    amazon-ebs: Setting up libheimbase1-heimdal:amd64 (7.7.0+dfsg-1ubuntu1) ...
    amazon-ebs: Setting up libasn1-8-heimdal:amd64 (7.7.0+dfsg-1ubuntu1) ...
    amazon-ebs: Setting up libhcrypto4-heimdal:amd64 (7.7.0+dfsg-1ubuntu1) ...
    amazon-ebs: Setting up ca-certificates (20201027ubuntu0.20.04.1) ...
    amazon-ebs: Updating certificates in /etc/ssl/certs...
    amazon-ebs: 138 added, 0 removed; done.
    amazon-ebs: Setting up libwind0-heimdal:amd64 (7.7.0+dfsg-1ubuntu1) ...
    amazon-ebs: Setting up libgssapi-krb5-2:amd64 (1.17-6ubuntu4) ...
    amazon-ebs: Setting up libssh-4:amd64 (0.9.3-2ubuntu2.1) ...
    amazon-ebs: Setting up libhx509-5-heimdal:amd64 (7.7.0+dfsg-1ubuntu1) ...
    amazon-ebs: Setting up libkrb5-26-heimdal:amd64 (7.7.0+dfsg-1ubuntu1) ...
    amazon-ebs: Setting up libheimntlm0-heimdal:amd64 (7.7.0+dfsg-1ubuntu1) ...
    amazon-ebs: Setting up libgssapi3-heimdal:amd64 (7.7.0+dfsg-1ubuntu1) ...
    amazon-ebs: Setting up libldap-2.4-2:amd64 (2.4.49+dfsg-2ubuntu1.3) ...
    amazon-ebs: Setting up libcurl4:amd64 (7.68.0-1ubuntu2.2) ...
    amazon-ebs: Setting up curl (7.68.0-1ubuntu2.2) ...
    amazon-ebs: Processing triggers for libc-bin (2.31-0ubuntu9.1) ...
    amazon-ebs: Processing triggers for ca-certificates (20201027ubuntu0.20.04.1) ...
    amazon-ebs: Updating certificates in /etc/ssl/certs...
    amazon-ebs: 0 added, 0 removed; done.
    amazon-ebs: Running hooks in /etc/ca-certificates/update.d...
    amazon-ebs: done.
    amazon-ebs: Removing intermediate container 0f18de58f0fe
    amazon-ebs:  ---> 11904f2b4dce
    amazon-ebs: Step 4/10 : RUN curl -sL https://deb.nodesource.com/setup_12.x | bash - &&     apt-get install -y nodejs
    amazon-ebs:  ---> Running in ad548f23757f
    amazon-ebs:
    amazon-ebs: ## Installing the NodeSource Node.js 12.x repo...
    amazon-ebs:
    amazon-ebs:
    amazon-ebs: ## Populating apt-get cache...
    amazon-ebs:
    amazon-ebs: + apt-get update
    amazon-ebs: Hit:1 http://security.ubuntu.com/ubuntu focal-security InRelease
    amazon-ebs: Hit:2 http://archive.ubuntu.com/ubuntu focal InRelease
    amazon-ebs: Hit:3 http://archive.ubuntu.com/ubuntu focal-updates InRelease
    amazon-ebs: Hit:4 http://archive.ubuntu.com/ubuntu focal-backports InRelease
    amazon-ebs: Reading package lists...
    amazon-ebs:
    amazon-ebs: ## Installing packages required for setup: lsb-release gnupg...
    amazon-ebs:
    amazon-ebs: + apt-get install -y lsb-release gnupg > /dev/null 2>&1
    amazon-ebs:
    amazon-ebs: ## Confirming "focal" is supported...
    amazon-ebs:
    amazon-ebs: + curl -sLf -o /dev/null 'https://deb.nodesource.com/node_12.x/dists/focal/Release'
    amazon-ebs:
    amazon-ebs: ## Adding the NodeSource signing key to your keyring...
    amazon-ebs:
    amazon-ebs: + curl -s https://deb.nodesource.com/gpgkey/nodesource.gpg.key | apt-key add -
    amazon-ebs: Warning: apt-key output should not be parsed (stdout is not a terminal)
    amazon-ebs: OK
    amazon-ebs:
    amazon-ebs: ## Creating apt sources list file for the NodeSource Node.js 12.x repo...
    amazon-ebs:
    amazon-ebs: + echo 'deb https://deb.nodesource.com/node_12.x focal main' > /etc/apt/sources.list.d/nodesource.list
    amazon-ebs: + echo 'deb-src https://deb.nodesource.com/node_12.x focal main' >> /etc/apt/sources.list.d/nodesource.list
    amazon-ebs:
    amazon-ebs: ## Running `apt-get update` for you...
    amazon-ebs:
    amazon-ebs: + apt-get update
    amazon-ebs: Get:1 https://deb.nodesource.com/node_12.x focal InRelease [4583 B]
    amazon-ebs: Hit:2 http://security.ubuntu.com/ubuntu focal-security InRelease
    amazon-ebs: Hit:3 http://archive.ubuntu.com/ubuntu focal InRelease
    amazon-ebs: Hit:4 http://archive.ubuntu.com/ubuntu focal-updates InRelease
    amazon-ebs: Hit:5 http://archive.ubuntu.com/ubuntu focal-backports InRelease
    amazon-ebs: Get:6 https://deb.nodesource.com/node_12.x focal/main amd64 Packages [768 B]
    amazon-ebs: Fetched 5351 B in 1s (6049 B/s)
    amazon-ebs: Reading package lists...
    amazon-ebs:
    amazon-ebs: ## Run `sudo apt-get install -y nodejs` to install Node.js 12.x and npm
    amazon-ebs: ## You may also need development tools to build native addons:
    amazon-ebs:      sudo apt-get install gcc g++ make
    amazon-ebs: ## To install the Yarn package manager, run:
    amazon-ebs:      curl -sL https://dl.yarnpkg.com/debian/pubkey.gpg | sudo apt-key add -
    amazon-ebs:      echo "deb https://dl.yarnpkg.com/debian/ stable main" | sudo tee /etc/apt/sources.list.d/yarn.list
    amazon-ebs:      sudo apt-get update && sudo apt-get install yarn
    amazon-ebs:
    amazon-ebs:
    amazon-ebs: Reading package lists...
    amazon-ebs: Building dependency tree...
    amazon-ebs: Reading state information...
    amazon-ebs: The following NEW packages will be installed:
    amazon-ebs:   nodejs
    amazon-ebs: 0 upgraded, 1 newly installed, 0 to remove and 4 not upgraded.
    amazon-ebs: Need to get 18.3 MB of archives.
    amazon-ebs: After this operation, 94.0 MB of additional disk space will be used.
    amazon-ebs: Get:1 https://deb.nodesource.com/node_12.x focal/main amd64 nodejs amd64 12.19.0-deb-1nodesource1 [18.3 MB]
    amazon-ebs: debconf: delaying package configuration, since apt-utils is not installed
    amazon-ebs: Fetched 18.3 MB in 0s (62.8 MB/s)
    amazon-ebs: Selecting previously unselected package nodejs.
    amazon-ebs: (Reading database ... 5715 files and directories currently installed.)
    amazon-ebs: Preparing to unpack .../nodejs_12.19.0-deb-1nodesource1_amd64.deb ...
    amazon-ebs: Unpacking nodejs (12.19.0-deb-1nodesource1) ...
    amazon-ebs: Setting up nodejs (12.19.0-deb-1nodesource1) ...
    amazon-ebs: Removing intermediate container ad548f23757f
    amazon-ebs:  ---> 23d1d277ba79
    amazon-ebs: Step 5/10 : RUN npm install -g nodemon
    amazon-ebs:  ---> Running in f7ca518a15eb
    amazon-ebs: /usr/bin/nodemon -> /usr/lib/node_modules/nodemon/bin/nodemon.js
    amazon-ebs:
    amazon-ebs: > nodemon@2.0.6 postinstall /usr/lib/node_modules/nodemon
    amazon-ebs: > node bin/postinstall || exit 0
    amazon-ebs:
    amazon-ebs: Love nodemon? You can now support the project via the open collective:
    amazon-ebs:  > https://opencollective.com/nodemon/donate
    amazon-ebs:
    amazon-ebs: npm WARN optional SKIPPING OPTIONAL DEPENDENCY: fsevents@~2.1.2 (node_modules/nodemon/node_modules/chokidar/node_modules/fsevents):
    amazon-ebs: npm WARN notsup SKIPPING OPTIONAL DEPENDENCY: Unsupported platform for fsevents@2.1.3: wanted {"os":"darwin","arch":"any"} (current: {"os":"linux","arch":"x64"})
    amazon-ebs:
    amazon-ebs: + nodemon@2.0.6
    amazon-ebs: added 119 packages from 53 contributors in 4.492s
    amazon-ebs: Removing intermediate container f7ca518a15eb
    amazon-ebs:  ---> 0de5fa1cefd1
    amazon-ebs: Step 6/10 : RUN mkdir -p /usr/src/app
    amazon-ebs:  ---> Running in fae837ec3bf5
    amazon-ebs: Removing intermediate container fae837ec3bf5
    amazon-ebs:  ---> 1e9a67fbdc49
    amazon-ebs: Step 7/10 : COPY ./src /usr/src/app
    amazon-ebs:  ---> 9005f61abe01
    amazon-ebs: Step 8/10 : WORKDIR /usr/src/app
    amazon-ebs:  ---> Running in 8a4b900b003f
    amazon-ebs: Removing intermediate container 8a4b900b003f
    amazon-ebs:  ---> 3b8d9db3e071
    amazon-ebs: Step 9/10 : EXPOSE 8080
    amazon-ebs:  ---> Running in 57c55f6eac47
    amazon-ebs: Removing intermediate container 57c55f6eac47
    amazon-ebs:  ---> d58da469025a
    amazon-ebs: Step 10/10 : CMD ["nodemon", "server.js"]
    amazon-ebs:  ---> Running in d82df1a193bf
    amazon-ebs: Removing intermediate container d82df1a193bf
    amazon-ebs:  ---> cfda1f240ed5
    amazon-ebs: Successfully built cfda1f240ed5
    amazon-ebs: Successfully tagged nodejs-helloworld:latest
    amazon-ebs: 2f217298719dcaf5a9ffe3617e222e37a041c2545875b40affc61e5e05512b7e
    amazon-ebs: CONTAINER ID        IMAGE                      COMMAND               CREATED                  STATUS                  PORTS                    NAMES
    amazon-ebs: 2f217298719d        nodejs-helloworld:latest   "nodemon server.js"   Less than a second ago   Up Less than a second   0.0.0.0:8080->8080/tcp   elastic_wozniak
==> amazon-ebs: Provisioning with shell script: /var/folders/hm/v3szf68j0z13vfd3yhdwp6582lcg7x/T/packer-shell952621895
==> amazon-ebs: Stopping the source instance...
    amazon-ebs: Stopping instance
==> amazon-ebs: Waiting for the instance to stop...
==> amazon-ebs: Creating AMI nodejs-2020-11-07T06-44-14Z from instance i-020f1c983eebc282a
    amazon-ebs: AMI: ami-05485d47014e7afb4
==> amazon-ebs: Waiting for AMI to become ready...
==> amazon-ebs: Modifying attributes on AMI (ami-05485d47014e7afb4)...
    amazon-ebs: Modifying: description
==> amazon-ebs: Modifying attributes on snapshot (snap-07392090256d92902)...
==> amazon-ebs: Terminating the source AWS instance...
==> amazon-ebs: Cleaning up any extra volumes...
==> amazon-ebs: No volumes to clean up, skipping
==> amazon-ebs: Deleting temporary security group...
==> amazon-ebs: Deleting temporary keypair...
Build 'amazon-ebs' finished after 10 minutes 1 second.

==> Wait completed after 10 minutes 1 second

==> Builds finished. The artifacts of successful builds are:
--> amazon-ebs: AMIs were created:
us-east-1: ami-05485d47014e7afb4

➜  packer-example git:(master) ✗